<?xml version="1.0" encoding="UTF-8"?>
<testng-results ignored="0" total="5" passed="5" failed="0" skipped="0">
  <reporter-output>
  </reporter-output>
  <suite started-at="2026-06-23T18:32:12 IST" name="Default suite" finished-at="2026-06-23T18:34:37 IST" duration-ms="144763">
    <groups>
    </groups>
    <test started-at="2026-06-23T18:32:12 IST" name="Default test" finished-at="2026-06-23T18:34:37 IST" duration-ms="144763">
      <class name="com.ecommerce.automation.tests.CheckoutAndOrdersTests">
        <test-method is-config="true" signature="setUp()[pri:0, instance:com.ecommerce.automation.tests.CheckoutAndOrdersTests@47af7f3d]" started-at="2026-06-23T18:32:12 IST" name="setUp" finished-at="2026-06-23T18:32:14 IST" duration-ms="1748" status="PASS">
          <reporter-output>
          </reporter-output>
        </test-method> <!-- setUp -->
        <test-method signature="checkoutRejectsElevenDigitPhoneNumber()[pri:0, instance:com.ecommerce.automation.tests.CheckoutAndOrdersTests@47af7f3d]" started-at="2026-06-23T18:32:14 IST" name="checkoutRejectsElevenDigitPhoneNumber" description="Checkout should not start with an 11-digit phone number" finished-at="2026-06-23T18:32:45 IST" duration-ms="31448" status="PASS">
          <reporter-output>
          </reporter-output>
        </test-method> <!-- checkoutRejectsElevenDigitPhoneNumber -->
        <test-method is-config="true" signature="tearDown()[pri:0, instance:com.ecommerce.automation.tests.CheckoutAndOrdersTests@47af7f3d]" started-at="2026-06-23T18:32:45 IST" name="tearDown" finished-at="2026-06-23T18:32:46 IST" duration-ms="500" status="PASS">
          <reporter-output>
          </reporter-output>
        </test-method> <!-- tearDown -->
        <test-method is-config="true" signature="setUp()[pri:0, instance:com.ecommerce.automation.tests.CheckoutAndOrdersTests@47af7f3d]" started-at="2026-06-23T18:32:46 IST" name="setUp" finished-at="2026-06-23T18:32:47 IST" duration-ms="1194" status="PASS">
          <reporter-output>
          </reporter-output>
        </test-method> <!-- setUp -->
        <test-method signature="checkoutRejectsInvalidCountry()[pri:0, instance:com.ecommerce.automation.tests.CheckoutAndOrdersTests@47af7f3d]" started-at="2026-06-23T18:32:47 IST" name="checkoutRejectsInvalidCountry" description="Checkout should not start with an unsupported country" finished-at="2026-06-23T18:33:10 IST" duration-ms="22709" status="PASS">
          <reporter-output>
          </reporter-output>
        </test-method> <!-- checkoutRejectsInvalidCountry -->
        <test-method is-config="true" signature="tearDown()[pri:0, instance:com.ecommerce.automation.tests.CheckoutAndOrdersTests@47af7f3d]" started-at="2026-06-23T18:33:10 IST" name="tearDown" finished-at="2026-06-23T18:33:14 IST" duration-ms="3937" status="PASS">
          <reporter-output>
          </reporter-output>
        </test-method> <!-- tearDown -->
        <test-method is-config="true" signature="setUp()[pri:0, instance:com.ecommerce.automation.tests.CheckoutAndOrdersTests@47af7f3d]" started-at="2026-06-23T18:33:14 IST" name="setUp" finished-at="2026-06-23T18:33:15 IST" duration-ms="1731" status="PASS">
          <reporter-output>
          </reporter-output>
        </test-method> <!-- setUp -->
        <test-method signature="checkoutRejectsInvalidPincode()[pri:0, instance:com.ecommerce.automation.tests.CheckoutAndOrdersTests@47af7f3d]" started-at="2026-06-23T18:33:15 IST" name="checkoutRejectsInvalidPincode" description="Checkout should not start with an invalid pincode" finished-at="2026-06-23T18:33:40 IST" duration-ms="24278" status="PASS">
          <reporter-output>
          </reporter-output>
        </test-method> <!-- checkoutRejectsInvalidPincode -->
        <test-method is-config="true" signature="tearDown()[pri:0, instance:com.ecommerce.automation.tests.CheckoutAndOrdersTests@47af7f3d]" started-at="2026-06-23T18:33:40 IST" name="tearDown" finished-at="2026-06-23T18:33:40 IST" duration-ms="654" status="PASS">
          <reporter-output>
          </reporter-output>
        </test-method> <!-- tearDown -->
        <test-method is-config="true" signature="setUp()[pri:0, instance:com.ecommerce.automation.tests.CheckoutAndOrdersTests@47af7f3d]" started-at="2026-06-23T18:33:40 IST" name="setUp" finished-at="2026-06-23T18:33:42 IST" duration-ms="1958" status="PASS">
          <reporter-output>
          </reporter-output>
        </test-method> <!-- setUp -->
        <test-method signature="checkoutRequiresRecipientName()[pri:0, instance:com.ecommerce.automation.tests.CheckoutAndOrdersTests@47af7f3d]" started-at="2026-06-23T18:33:42 IST" name="checkoutRequiresRecipientName" description="Checkout should not start when recipient name is empty" finished-at="2026-06-23T18:34:05 IST" duration-ms="22913" status="PASS">
          <reporter-output>
          </reporter-output>
        </test-method> <!-- checkoutRequiresRecipientName -->
        <test-method is-config="true" signature="tearDown()[pri:0, instance:com.ecommerce.automation.tests.CheckoutAndOrdersTests@47af7f3d]" started-at="2026-06-23T18:34:05 IST" name="tearDown" finished-at="2026-06-23T18:34:06 IST" duration-ms="507" status="PASS">
          <reporter-output>
          </reporter-output>
        </test-method> <!-- tearDown -->
        <test-method is-config="true" signature="setUp()[pri:0, instance:com.ecommerce.automation.tests.CheckoutAndOrdersTests@47af7f3d]" started-at="2026-06-23T18:34:06 IST" name="setUp" finished-at="2026-06-23T18:34:07 IST" duration-ms="1140" status="PASS">
          <reporter-output>
          </reporter-output>
        </test-method> <!-- setUp -->
        <test-method signature="customerCanCheckoutAndViewOrderDetails()[pri:0, instance:com.ecommerce.automation.tests.CheckoutAndOrdersTests@47af7f3d]" started-at="2026-06-23T18:34:07 IST" name="customerCanCheckoutAndViewOrderDetails" description="Customer can checkout and view the order" finished-at="2026-06-23T18:34:36 IST" duration-ms="29340" status="PASS">
          <reporter-output>
          </reporter-output>
        </test-method> <!-- customerCanCheckoutAndViewOrderDetails -->
        <test-method is-config="true" signature="tearDown()[pri:0, instance:com.ecommerce.automation.tests.CheckoutAndOrdersTests@47af7f3d]" started-at="2026-06-23T18:34:36 IST" name="tearDown" finished-at="2026-06-23T18:34:37 IST" duration-ms="609" status="PASS">
          <reporter-output>
          </reporter-output>
        </test-method> <!-- tearDown -->
      </class> <!-- com.ecommerce.automation.tests.CheckoutAndOrdersTests -->
    </test> <!-- Default test -->
  </suite> <!-- Default suite -->
</testng-results>
