<?xml version="1.0" encoding="UTF-8"?>
<testng-results ignored="0" total="9" passed="9" failed="0" skipped="0">
  <reporter-output>
  </reporter-output>
  <suite started-at="2026-06-14T13:25:30 IST" name="Default suite" finished-at="2026-06-14T13:26:11 IST" duration-ms="40811">
    <groups>
    </groups>
    <test started-at="2026-06-14T13:25:30 IST" name="Default test" finished-at="2026-06-14T13:26:11 IST" duration-ms="40811">
      <class name="com.ecommerce.automation.tests.ProductSearchTests">
        <test-method is-config="true" signature="setUp()[pri:0, instance:com.ecommerce.automation.tests.ProductSearchTests@5af3afd9]" started-at="2026-06-14T13:25:30 IST" name="setUp" finished-at="2026-06-14T13:25:33 IST" duration-ms="2777" status="PASS">
          <reporter-output>
          </reporter-output>
        </test-method> <!-- setUp -->
        <test-method signature="categoryFilterShowsMatchingProducts()[pri:0, instance:com.ecommerce.automation.tests.ProductSearchTests@5af3afd9]" started-at="2026-06-14T13:25:33 IST" name="categoryFilterShowsMatchingProducts" description="Category filter should show products for selected category" finished-at="2026-06-14T13:25:36 IST" duration-ms="2703" status="PASS">
          <reporter-output>
          </reporter-output>
        </test-method> <!-- categoryFilterShowsMatchingProducts -->
        <test-method is-config="true" signature="tearDown()[pri:0, instance:com.ecommerce.automation.tests.ProductSearchTests@5af3afd9]" started-at="2026-06-14T13:25:36 IST" name="tearDown" finished-at="2026-06-14T13:25:37 IST" duration-ms="765" status="PASS">
          <reporter-output>
          </reporter-output>
        </test-method> <!-- tearDown -->
        <test-method is-config="true" signature="setUp()[pri:0, instance:com.ecommerce.automation.tests.ProductSearchTests@5af3afd9]" started-at="2026-06-14T13:25:37 IST" name="setUp" finished-at="2026-06-14T13:25:38 IST" duration-ms="1233" status="PASS">
          <reporter-output>
          </reporter-output>
        </test-method> <!-- setUp -->
        <test-method signature="emptySearchKeepsProductsVisible()[pri:0, instance:com.ecommerce.automation.tests.ProductSearchTests@5af3afd9]" started-at="2026-06-14T13:25:38 IST" name="emptySearchKeepsProductsVisible" description="Empty product search should keep products visible" finished-at="2026-06-14T13:25:40 IST" duration-ms="1998" status="PASS">
          <reporter-output>
          </reporter-output>
        </test-method> <!-- emptySearchKeepsProductsVisible -->
        <test-method is-config="true" signature="tearDown()[pri:0, instance:com.ecommerce.automation.tests.ProductSearchTests@5af3afd9]" started-at="2026-06-14T13:25:40 IST" name="tearDown" finished-at="2026-06-14T13:25:40 IST" duration-ms="580" status="PASS">
          <reporter-output>
          </reporter-output>
        </test-method> <!-- tearDown -->
        <test-method is-config="true" signature="setUp()[pri:0, instance:com.ecommerce.automation.tests.ProductSearchTests@5af3afd9]" started-at="2026-06-14T13:25:40 IST" name="setUp" finished-at="2026-06-14T13:25:42 IST" duration-ms="1087" status="PASS">
          <reporter-output>
          </reporter-output>
        </test-method> <!-- setUp -->
        <test-method signature="productCardsShowRequiredDetails()[pri:0, instance:com.ecommerce.automation.tests.ProductSearchTests@5af3afd9]" started-at="2026-06-14T13:25:42 IST" name="productCardsShowRequiredDetails" description="Visible product cards should include image, name, price, stock, and details action" finished-at="2026-06-14T13:25:44 IST" duration-ms="2773" status="PASS">
          <reporter-output>
          </reporter-output>
        </test-method> <!-- productCardsShowRequiredDetails -->
        <test-method is-config="true" signature="tearDown()[pri:0, instance:com.ecommerce.automation.tests.ProductSearchTests@5af3afd9]" started-at="2026-06-14T13:25:44 IST" name="tearDown" finished-at="2026-06-14T13:25:45 IST" duration-ms="615" status="PASS">
          <reporter-output>
          </reporter-output>
        </test-method> <!-- tearDown -->
        <test-method is-config="true" signature="setUp()[pri:0, instance:com.ecommerce.automation.tests.ProductSearchTests@5af3afd9]" started-at="2026-06-14T13:25:45 IST" name="setUp" finished-at="2026-06-14T13:25:46 IST" duration-ms="1264" status="PASS">
          <reporter-output>
          </reporter-output>
        </test-method> <!-- setUp -->
        <test-method signature="productDetailsPageShowsSelectedProductDetails()[pri:0, instance:com.ecommerce.automation.tests.ProductSearchTests@5af3afd9]" started-at="2026-06-14T13:25:46 IST" name="productDetailsPageShowsSelectedProductDetails" description="Details button should navigate to product details page with matching product data" finished-at="2026-06-14T13:25:49 IST" duration-ms="2374" status="PASS">
          <reporter-output>
          </reporter-output>
        </test-method> <!-- productDetailsPageShowsSelectedProductDetails -->
        <test-method is-config="true" signature="tearDown()[pri:0, instance:com.ecommerce.automation.tests.ProductSearchTests@5af3afd9]" started-at="2026-06-14T13:25:49 IST" name="tearDown" finished-at="2026-06-14T13:25:49 IST" duration-ms="710" status="PASS">
          <reporter-output>
          </reporter-output>
        </test-method> <!-- tearDown -->
        <test-method is-config="true" signature="setUp()[pri:0, instance:com.ecommerce.automation.tests.ProductSearchTests@5af3afd9]" started-at="2026-06-14T13:25:49 IST" name="setUp" finished-at="2026-06-14T13:25:50 IST" duration-ms="1195" status="PASS">
          <reporter-output>
          </reporter-output>
        </test-method> <!-- setUp -->
        <test-method signature="productListingShowsVisibleProducts()[pri:0, instance:com.ecommerce.automation.tests.ProductSearchTests@5af3afd9]" started-at="2026-06-14T13:25:50 IST" name="productListingShowsVisibleProducts" description="Product listing page should show visible products" finished-at="2026-06-14T13:25:52 IST" duration-ms="1575" status="PASS">
          <reporter-output>
          </reporter-output>
        </test-method> <!-- productListingShowsVisibleProducts -->
        <test-method is-config="true" signature="tearDown()[pri:0, instance:com.ecommerce.automation.tests.ProductSearchTests@5af3afd9]" started-at="2026-06-14T13:25:52 IST" name="tearDown" finished-at="2026-06-14T13:25:53 IST" duration-ms="603" status="PASS">
          <reporter-output>
          </reporter-output>
        </test-method> <!-- tearDown -->
        <test-method is-config="true" signature="setUp()[pri:0, instance:com.ecommerce.automation.tests.ProductSearchTests@5af3afd9]" started-at="2026-06-14T13:25:53 IST" name="setUp" finished-at="2026-06-14T13:25:54 IST" duration-ms="1134" status="PASS">
          <reporter-output>
          </reporter-output>
        </test-method> <!-- setUp -->
        <test-method signature="productSearchFindsCategoryProducts()[pri:0, instance:com.ecommerce.automation.tests.ProductSearchTests@5af3afd9]" started-at="2026-06-14T13:25:54 IST" name="productSearchFindsCategoryProducts" description="Product page search should find products by category" finished-at="2026-06-14T13:25:56 IST" duration-ms="1925" status="PASS">
          <reporter-output>
          </reporter-output>
        </test-method> <!-- productSearchFindsCategoryProducts -->
        <test-method is-config="true" signature="tearDown()[pri:0, instance:com.ecommerce.automation.tests.ProductSearchTests@5af3afd9]" started-at="2026-06-14T13:25:56 IST" name="tearDown" finished-at="2026-06-14T13:25:56 IST" duration-ms="364" status="PASS">
          <reporter-output>
          </reporter-output>
        </test-method> <!-- tearDown -->
        <test-method is-config="true" signature="setUp()[pri:0, instance:com.ecommerce.automation.tests.ProductSearchTests@5af3afd9]" started-at="2026-06-14T13:25:56 IST" name="setUp" finished-at="2026-06-14T13:25:57 IST" duration-ms="1167" status="PASS">
          <reporter-output>
          </reporter-output>
        </test-method> <!-- setUp -->
        <test-method signature="productSearchFindsProductByName()[pri:0, instance:com.ecommerce.automation.tests.ProductSearchTests@5af3afd9]" started-at="2026-06-14T13:25:57 IST" name="productSearchFindsProductByName" description="Product page search should find a product by name" finished-at="2026-06-14T13:25:59 IST" duration-ms="2164" status="PASS">
          <reporter-output>
          </reporter-output>
        </test-method> <!-- productSearchFindsProductByName -->
        <test-method is-config="true" signature="tearDown()[pri:0, instance:com.ecommerce.automation.tests.ProductSearchTests@5af3afd9]" started-at="2026-06-14T13:25:59 IST" name="tearDown" finished-at="2026-06-14T13:26:00 IST" duration-ms="567" status="PASS">
          <reporter-output>
          </reporter-output>
        </test-method> <!-- tearDown -->
        <test-method is-config="true" signature="setUp()[pri:0, instance:com.ecommerce.automation.tests.ProductSearchTests@5af3afd9]" started-at="2026-06-14T13:26:00 IST" name="setUp" finished-at="2026-06-14T13:26:01 IST" duration-ms="1019" status="PASS">
          <reporter-output>
          </reporter-output>
        </test-method> <!-- setUp -->
        <test-method signature="productSearchFindsProductsByPartialKeyword()[pri:0, instance:com.ecommerce.automation.tests.ProductSearchTests@5af3afd9]" started-at="2026-06-14T13:26:01 IST" name="productSearchFindsProductsByPartialKeyword" description="Product page search should find products by partial keyword" finished-at="2026-06-14T13:26:03 IST" duration-ms="1880" status="PASS">
          <reporter-output>
          </reporter-output>
        </test-method> <!-- productSearchFindsProductsByPartialKeyword -->
        <test-method is-config="true" signature="tearDown()[pri:0, instance:com.ecommerce.automation.tests.ProductSearchTests@5af3afd9]" started-at="2026-06-14T13:26:03 IST" name="tearDown" finished-at="2026-06-14T13:26:03 IST" duration-ms="392" status="PASS">
          <reporter-output>
          </reporter-output>
        </test-method> <!-- tearDown -->
        <test-method is-config="true" signature="setUp()[pri:0, instance:com.ecommerce.automation.tests.ProductSearchTests@5af3afd9]" started-at="2026-06-14T13:26:03 IST" name="setUp" finished-at="2026-06-14T13:26:04 IST" duration-ms="1046" status="PASS">
          <reporter-output>
          </reporter-output>
        </test-method> <!-- setUp -->
        <test-method signature="quickViewModalOpensAndCloses()[pri:0, instance:com.ecommerce.automation.tests.ProductSearchTests@5af3afd9]" started-at="2026-06-14T13:26:04 IST" name="quickViewModalOpensAndCloses" description="Quick View should handle dynamic product modal" finished-at="2026-06-14T13:26:11 IST" duration-ms="6460" status="PASS">
          <reporter-output>
          </reporter-output>
        </test-method> <!-- quickViewModalOpensAndCloses -->
        <test-method is-config="true" signature="tearDown()[pri:0, instance:com.ecommerce.automation.tests.ProductSearchTests@5af3afd9]" started-at="2026-06-14T13:26:11 IST" name="tearDown" finished-at="2026-06-14T13:26:11 IST" duration-ms="344" status="PASS">
          <reporter-output>
          </reporter-output>
        </test-method> <!-- tearDown -->
      </class> <!-- com.ecommerce.automation.tests.ProductSearchTests -->
    </test> <!-- Default test -->
  </suite> <!-- Default suite -->
</testng-results>
