<?xml version="1.0" encoding="UTF-8"?>
<!-- Generated by org.testng.reporters.JUnitXMLReporter -->
<testsuite ignored="0" hostname="LAPTOP-FN31U36R" failures="0" tests="4" name="Default test" time="18.891" errors="0" timestamp="2026-06-12T08:41:18 IST">
  <testcase classname="com.ecommerce.automation.tests.ProductSearchTests" name="productCardsShowRequiredDetails" time="3.086"/>
  <testcase classname="com.ecommerce.automation.tests.ProductSearchTests" name="productDetailsPageShowsSelectedProductDetails" time="2.996"/>
  <testcase classname="com.ecommerce.automation.tests.ProductSearchTests" name="productListingShowsVisibleProducts" time="1.771"/>
  <testcase classname="com.ecommerce.automation.tests.ProductSearchTests" name="productSearchFindsCategoryProducts" time="2.662"/>
</testsuite> <!-- Default test -->
