<?xml version="1.0" encoding="UTF-8"?>
<!-- Generated by org.testng.reporters.JUnitXMLReporter -->
<testsuite ignored="0" hostname="LAPTOP-FN31U36R" failures="0" tests="5" name="Default test" time="144.763" errors="0" timestamp="2026-06-23T18:34:37 IST">
  <testcase classname="com.ecommerce.automation.tests.CheckoutAndOrdersTests" name="checkoutRejectsElevenDigitPhoneNumber" time="31.448"/>
  <testcase classname="com.ecommerce.automation.tests.CheckoutAndOrdersTests" name="checkoutRejectsInvalidCountry" time="22.709"/>
  <testcase classname="com.ecommerce.automation.tests.CheckoutAndOrdersTests" name="checkoutRejectsInvalidPincode" time="24.278"/>
  <testcase classname="com.ecommerce.automation.tests.CheckoutAndOrdersTests" name="checkoutRequiresRecipientName" time="22.913"/>
  <testcase classname="com.ecommerce.automation.tests.CheckoutAndOrdersTests" name="customerCanCheckoutAndViewOrderDetails" time="29.34"/>
</testsuite> <!-- Default test -->
