<?xml version="1.0" encoding="UTF-8"?>
<!-- Generated by org.testng.reporters.JUnitReportReporter -->
<testsuite hostname="LAPTOP-FN31U36R" failures="0" tests="4" name="com.ecommerce.automation.tests.AuthFlowTests" time="22.373" errors="0" timestamp="2026-06-07T21:26:37 IST" skipped="0">
  <testcase classname="com.ecommerce.automation.tests.AuthFlowTests" name="validLoginShowsAccountMenu" time="7.685"/>
  <testcase classname="com.ecommerce.automation.tests.AuthFlowTests" name="validRegistrationRedirectsToLogin" time="6.737"/>
  <testcase classname="com.ecommerce.automation.tests.AuthFlowTests" name="invalidRegistrationShowsError" time="3.249"/>
  <testcase classname="com.ecommerce.automation.tests.AuthFlowTests" name="invalidLoginShowsError" time="4.702"/>
</testsuite> <!-- com.ecommerce.automation.tests.AuthFlowTests -->
