<?xml version="1.0" encoding="UTF-8"?>
<!-- Generated by org.testng.reporters.JUnitReportReporter -->
<testsuite hostname="LAPTOP-FN31U36R" failures="0" tests="9" name="com.ecommerce.automation.tests.ProductSearchTests" time="40.714" errors="0" timestamp="2026-06-14T13:26:11 IST" skipped="0">
  <testcase classname="com.ecommerce.automation.tests.ProductSearchTests" name="productSearchFindsCategoryProducts" time="3.722"/>
  <testcase classname="com.ecommerce.automation.tests.ProductSearchTests" name="productSearchFindsProductByName" time="3.723"/>
  <testcase classname="com.ecommerce.automation.tests.ProductSearchTests" name="emptySearchKeepsProductsVisible" time="3.606"/>
  <testcase classname="com.ecommerce.automation.tests.ProductSearchTests" name="productListingShowsVisibleProducts" time="3.573"/>
  <testcase classname="com.ecommerce.automation.tests.ProductSearchTests" name="categoryFilterShowsMatchingProducts" time="4.501"/>
  <testcase classname="com.ecommerce.automation.tests.ProductSearchTests" name="productCardsShowRequiredDetails" time="4.271"/>
  <testcase classname="com.ecommerce.automation.tests.ProductSearchTests" name="productDetailsPageShowsSelectedProductDetails" time="4.000"/>
  <testcase classname="com.ecommerce.automation.tests.ProductSearchTests" name="quickViewModalOpensAndCloses" time="8.046"/>
  <testcase classname="com.ecommerce.automation.tests.ProductSearchTests" name="productSearchFindsProductsByPartialKeyword" time="5.272"/>
</testsuite> <!-- com.ecommerce.automation.tests.ProductSearchTests -->
