<?xml version="1.0" encoding="UTF-8"?>
<!-- Generated by org.testng.reporters.JUnitReportReporter -->
<testsuite hostname="LAPTOP-FN31U36R" failures="0" tests="7" name="com.ecommerce.automation.tests.AuthFlowTests" time="30.407" errors="0" timestamp="2026-06-10T15:47:47 IST" skipped="0">
  <testcase classname="com.ecommerce.automation.tests.AuthFlowTests" name="invalidLoginShowsError" time="5.338"/>
  <testcase classname="com.ecommerce.automation.tests.AuthFlowTests" name="invalidRegistrationShowsError" time="3.431"/>
  <testcase classname="com.ecommerce.automation.tests.AuthFlowTests" name="validRegistrationRedirectsToLogin" time="5.325"/>
  <testcase classname="com.ecommerce.automation.tests.AuthFlowTests" name="userLoginUsesSharedLoginUtility" time="3.664"/>
  <testcase classname="com.ecommerce.automation.tests.AuthFlowTests" name="adminLoginUsesSharedLoginUtility" time="3.063"/>
  <testcase classname="com.ecommerce.automation.tests.AuthFlowTests" name="logoutClearsSessionAndRedirectsToLogin" time="5.026"/>
  <testcase classname="com.ecommerce.automation.tests.AuthFlowTests" name="loggedOutSessionCannotAccessProtectedPage" time="4.560"/>
</testsuite> <!-- com.ecommerce.automation.tests.AuthFlowTests -->
