<?xml version="1.0" encoding="UTF-8"?>
<!-- Generated by org.testng.reporters.JUnitReportReporter -->
<testsuite hostname="LAPTOP-FN31U36R" failures="0" tests="22" name="com.ecommerce.automation.tests.RegisterExcelTests" time="158.454" errors="0" timestamp="2026-06-25T06:43:11 IST" skipped="0">
  <testcase classname="com.ecommerce.automation.tests.RegisterExcelTests" name="validRegisterDataFromExcelShouldSucceed" time="9.528"/>
  <testcase classname="com.ecommerce.automation.tests.RegisterExcelTests" name="validRegisterDataFromExcelShouldSucceed" time="7.717"/>
  <testcase classname="com.ecommerce.automation.tests.RegisterExcelTests" name="validRegisterDataFromExcelShouldSucceed" time="8.656"/>
  <testcase classname="com.ecommerce.automation.tests.RegisterExcelTests" name="validRegisterDataFromExcelShouldSucceed" time="7.967"/>
  <testcase classname="com.ecommerce.automation.tests.RegisterExcelTests" name="invalidRegisterDataFromExcelShouldFail" time="15.506"/>
  <testcase classname="com.ecommerce.automation.tests.RegisterExcelTests" name="invalidRegisterDataFromExcelShouldFail" time="3.635"/>
  <testcase classname="com.ecommerce.automation.tests.RegisterExcelTests" name="invalidRegisterDataFromExcelShouldFail" time="15.464"/>
  <testcase classname="com.ecommerce.automation.tests.RegisterExcelTests" name="invalidRegisterDataFromExcelShouldFail" time="2.961"/>
  <testcase classname="com.ecommerce.automation.tests.RegisterExcelTests" name="invalidRegisterDataFromExcelShouldFail" time="2.923"/>
  <testcase classname="com.ecommerce.automation.tests.RegisterExcelTests" name="validRegisterDataFromExcelShouldSucceed" time="9.317"/>
  <testcase classname="com.ecommerce.automation.tests.RegisterExcelTests" name="validRegisterDataFromExcelShouldSucceed" time="8.521"/>
  <testcase classname="com.ecommerce.automation.tests.RegisterExcelTests" name="validRegisterDataFromExcelShouldSucceed" time="7.987"/>
  <testcase classname="com.ecommerce.automation.tests.RegisterExcelTests" name="validRegisterDataFromExcelShouldSucceed" time="7.887"/>
  <testcase classname="com.ecommerce.automation.tests.RegisterExcelTests" name="invalidRegisterDataFromExcelShouldFail" time="2.979"/>
  <testcase classname="com.ecommerce.automation.tests.RegisterExcelTests" name="validRegisterDataFromExcelShouldSucceed" time="8.274"/>
  <testcase classname="com.ecommerce.automation.tests.RegisterExcelTests" name="validRegisterDataFromExcelShouldSucceed" time="7.614"/>
  <testcase classname="com.ecommerce.automation.tests.RegisterExcelTests" name="invalidRegisterDataFromExcelShouldFail" time="15.831"/>
  <testcase classname="com.ecommerce.automation.tests.RegisterExcelTests" name="invalidRegisterDataFromExcelShouldFail" time="3.168"/>
  <testcase classname="com.ecommerce.automation.tests.RegisterExcelTests" name="invalidRegisterDataFromExcelShouldFail" time="2.998"/>
  <testcase classname="com.ecommerce.automation.tests.RegisterExcelTests" name="invalidRegisterDataFromExcelShouldFail" time="3.156"/>
  <testcase classname="com.ecommerce.automation.tests.RegisterExcelTests" name="invalidRegisterDataFromExcelShouldFail" time="3.252"/>
  <testcase classname="com.ecommerce.automation.tests.RegisterExcelTests" name="invalidRegisterDataFromExcelShouldFail" time="3.113"/>
</testsuite> <!-- com.ecommerce.automation.tests.RegisterExcelTests -->
