<?xml version="1.0" encoding="UTF-8"?>
<!-- Generated by org.testng.reporters.JUnitReportReporter -->
<testsuite hostname="LAPTOP-FN31U36R" failures="0" tests="5" name="com.ecommerce.automation.tests.CheckoutAndOrdersTests" time="144.666" errors="0" timestamp="2026-06-23T18:34:37 IST" skipped="0">
  <testcase classname="com.ecommerce.automation.tests.CheckoutAndOrdersTests" name="checkoutRejectsInvalidPincode" time="26.890"/>
  <testcase classname="com.ecommerce.automation.tests.CheckoutAndOrdersTests" name="checkoutRequiresRecipientName" time="24.607"/>
  <testcase classname="com.ecommerce.automation.tests.CheckoutAndOrdersTests" name="customerCanCheckoutAndViewOrderDetails" time="35.008"/>
  <testcase classname="com.ecommerce.automation.tests.CheckoutAndOrdersTests" name="checkoutRejectsElevenDigitPhoneNumber" time="33.197"/>
  <testcase classname="com.ecommerce.automation.tests.CheckoutAndOrdersTests" name="checkoutRejectsInvalidCountry" time="24.964"/>
</testsuite> <!-- com.ecommerce.automation.tests.CheckoutAndOrdersTests -->
