<?xml version="1.0" encoding="UTF-8"?>
<!-- Generated by org.testng.reporters.JUnitReportReporter -->
<testsuite hostname="LAPTOP-FN31U36R" failures="0" tests="3" name="com.ecommerce.automation.tests.ProductSearchTests" time="11.928" errors="0" timestamp="2026-06-10T16:10:45 IST" skipped="0">
  <testcase classname="com.ecommerce.automation.tests.ProductSearchTests" name="productListingShowsVisibleProducts" time="2.872"/>
  <testcase classname="com.ecommerce.automation.tests.ProductSearchTests" name="productSearchFindsCategoryProducts" time="3.379"/>
  <testcase classname="com.ecommerce.automation.tests.ProductSearchTests" name="productCardsShowRequiredDetails" time="5.677"/>
</testsuite> <!-- com.ecommerce.automation.tests.ProductSearchTests -->
