<?xml version="1.0" encoding="UTF-8"?>
<!-- Generated by org.testng.reporters.JUnitXMLReporter -->
<testsuite ignored="0" hostname="LAPTOP-FN31U36R" failures="0" tests="3" name="Product Search Tests" time="13.126" errors="0" timestamp="2026-06-03T18:01:22 IST">
  <testcase classname="com.ecommerce.automation.tests.ProductSearchTests" name="exactKeywordSearch" time="3.341"/>
  <testcase classname="com.ecommerce.automation.tests.ProductSearchTests" name="noResultSearch" time="3.092"/>
  <testcase classname="com.ecommerce.automation.tests.ProductSearchTests" name="partialKeywordSearch" time="3.003"/>
</testsuite> <!-- Product Search Tests -->
