<?xml version="1.0" encoding="UTF-8"?>
<!-- Generated by org.testng.reporters.JUnitXMLReporter -->
<testsuite ignored="0" hostname="LAPTOP-FN31U36R" failures="0" tests="2" name="Register and Login Tests" time="9.662" errors="0" timestamp="2026-06-03T18:01:09 IST">
  <testcase classname="com.ecommerce.automation.tests.AuthFlowTests" name="invalidLoginShowsError" time="3.191"/>
  <testcase classname="com.ecommerce.automation.tests.AuthFlowTests" name="userCanRegisterAndLogin" time="2.173"/>
</testsuite> <!-- Register and Login Tests -->
